2025-09-28 02:53:32,740 - DataVisualizer - INFO - DataFrame shape: (21224, 16)
2025-09-28 02:53:32,740 - DataVisualizer - INFO - DataFrame dtypes:
period             float64
duration           float64
depth              float64
planet_radius      float64
kepid              float64
koi                 object
disposition         object
semi_major_axis    float64
source              object
star_radius        float64
teff               float64
logg               float64
tic                 object
planet_name         object
host_name           object
toi                float64
dtype: object
2025-09-28 02:53:32,746 - DataVisualizer - INFO - DataFrame head:
      period  duration    depth  planet_radius  ...  tic planet_name host_name  toi
0   9.488036   2.95750    615.8           2.26  ...  NaN         NaN       NaN  NaN
1  54.418383   4.50700    874.8           2.83  ...  NaN         NaN       NaN  NaN
2  19.899140   1.78220  10829.0          14.60  ...  NaN         NaN       NaN  NaN
3   1.736952   2.40641   8079.2          33.46  ...  NaN         NaN       NaN  NaN
4   2.525592   1.65450    603.3           2.75  ...  NaN         NaN       NaN  NaN

[5 rows x 16 columns]
2025-09-28 02:53:32,751 - DataVisualizer - INFO - DataFrame info: 
None
2025-09-28 02:53:32,765 - DataVisualizer - INFO - DataFrame describe:
              period      duration  ...         logg          toi
count   21051.000000  12320.000000  ...  9148.000000  7668.000000
mean       48.342558      5.086007  ...     4.338540  3731.951026
std      1073.583587      5.890517  ...     0.314180  2142.315067
min         0.152076     -0.068000  ...     0.100000   101.010000
25%         2.626698      2.271090  ...     4.160000  1852.760000
50%         5.850824      3.492450  ...     4.372375  3718.510000
75%        16.347230      5.620698  ...     4.540000  5590.260000
max    129995.778400    138.540000  ...     5.960650  7475.010000

[8 rows x 10 columns]
2025-09-28 02:53:32,771 - DataVisualizer - INFO - DataFrame unique values:
period             20848
duration            8987
depth               6947
planet_radius      11142
kepid               8214
koi                 9564
disposition            4
semi_major_axis     3999
source                 3
star_radius         4004
teff                5168
logg                2552
tic                 1557
planet_name         1806
host_name           1560
toi                 7668
dtype: int64
