2025-09-28 02:21:14,174 - DataLoaderAndMerger - INFO - Loaded Data from data\kepler_captured_data.csv
2025-09-28 02:21:14,175 - DataLoaderAndMerger - INFO - (9564, 141)
2025-09-28 02:21:14,175 - DataLoaderAndMerger - INFO -    rowid     kepid kepoi_name  ... koi_dikco_mdec_err koi_dikco_msky koi_dikco_msky_err
0      1  10797460  K00752.01  ...              0.170          0.320              0.160
1      2  10797460  K00752.02  ...              0.730          0.500              0.450
2      3  10811496  K00753.01  ...              0.074          0.027              0.074
3      4  10848459  K00754.01  ...              0.077          0.276              0.076
4      5  10854555  K00755.01  ...              0.160          0.070              0.200

[5 rows x 141 columns]
2025-09-28 02:21:14,325 - DataLoaderAndMerger - INFO - Loaded Data from data\K2_mission_captured_data.csv
2025-09-28 02:21:14,325 - DataLoaderAndMerger - INFO - (3992, 295)
2025-09-28 02:21:14,325 - DataLoaderAndMerger - INFO -    rowid            pl_name        hostname  ... pl_nespec pl_ntranspec pl_ndispec
0      1        BD+20 594 b       BD+20 594  ...       0.0          0.0        0.0
1      2        BD+20 594 b       BD+20 594  ...       0.0          0.0        0.0
2      3        BD+20 594 b       BD+20 594  ...       0.0          0.0        0.0
3      4  EPIC 201111557.01  EPIC 201111557  ...       0.0          0.0        0.0
4      5  EPIC 201111557.01  EPIC 201111557  ...       0.0          0.0        0.0

[5 rows x 295 columns]
2025-09-28 02:21:14,446 - DataLoaderAndMerger - INFO - Loaded Data from data\TESS_mission_captured_data.csv
2025-09-28 02:21:14,447 - DataLoaderAndMerger - INFO - (7668, 87)
2025-09-28 02:21:14,447 - DataLoaderAndMerger - INFO -    rowid      toi  toipfx  ...  st_radsymerr          toi_created            rowupdate
0      1  1000.01    1000  ...             1  2019-07-24 15:58:33  2024-09-09 10:08:01
1      2  1001.01    1001  ...             1  2019-07-24 15:58:33  2023-04-03 14:31:04
2      3  1002.01    1002  ...             1  2019-07-24 15:58:33  2022-07-11 16:02:02
3      4  1003.01    1003  ...             1  2019-07-24 15:58:33  2022-02-23 10:10:02
4      5  1004.01    1004  ...             1  2019-07-24 15:58:33  2024-09-09 10:08:01

[5 rows x 87 columns]
2025-09-28 02:21:14,525 - DataLoaderAndMerger - INFO - Merging complete. Final DataFrame shape: (21224, 16)
2025-09-28 02:21:14,526 - DataLoaderAndMerger - INFO -       period  duration    depth  planet_radius  ...  tic planet_name host_name  toi
0   9.488036   2.95750    615.8           2.26  ...  NaN         NaN       NaN  NaN
1  54.418383   4.50700    874.8           2.83  ...  NaN         NaN       NaN  NaN
2  19.899140   1.78220  10829.0          14.60  ...  NaN         NaN       NaN  NaN
3   1.736952   2.40641   8079.2          33.46  ...  NaN         NaN       NaN  NaN
4   2.525592   1.65450    603.3           2.75  ...  NaN         NaN       NaN  NaN

[5 rows x 16 columns]
2025-09-28 02:21:14,612 - DataLoaderAndMerger - INFO - Successfully saved merged data to data\processed\Merged_data.csv
2025-09-28 02:27:20,061 - DataLoaderAndMerger - INFO - Loaded Data from data\kepler_captured_data.csv
2025-09-28 02:27:20,062 - DataLoaderAndMerger - INFO - (9564, 141)
2025-09-28 02:27:20,062 - DataLoaderAndMerger - INFO -    rowid     kepid kepoi_name   kepler_name koi_disposition koi_vet_stat koi_vet_date koi_pdisposition  ...  koi_dicco_msky  koi_dicco_msky_err  koi_dikco_mra  koi_dikco_mra_err  koi_dikco_mdec koi_dikco_mdec_err koi_dikco_msky  koi_dikco_msky_err
0      1  10797460  K00752.01  Kepler-227 b       CONFIRMED         Done   2018-08-16        CANDIDATE  ...           0.200               0.170          0.080              0.130           0.310              0.170          0.320               0.160
1      2  10797460  K00752.02  Kepler-227 c       CONFIRMED         Done   2018-08-16        CANDIDATE  ...           0.390               0.360          0.490              0.340           0.120              0.730          0.500               0.450
2      3  10811496  K00753.01           NaN       CANDIDATE         Done   2018-08-16        CANDIDATE  ...           0.042               0.072          0.002              0.071          -0.027              0.074          0.027               0.074
3      4  10848459  K00754.01           NaN  FALSE POSITIVE         Done   2018-08-16   FALSE POSITIVE  ...           0.289               0.079         -0.257              0.072           0.099              0.077          0.276               0.076
4      5  10854555  K00755.01  Kepler-664 b       CONFIRMED         Done   2018-08-16        CANDIDATE  ...           0.100               0.140          0.070              0.180           0.020              0.160          0.070               0.200

[5 rows x 141 columns]
2025-09-28 02:27:20,200 - DataLoaderAndMerger - INFO - Loaded Data from data\K2_mission_captured_data.csv
2025-09-28 02:27:20,200 - DataLoaderAndMerger - INFO - (3992, 295)
2025-09-28 02:27:20,200 - DataLoaderAndMerger - INFO -    rowid            pl_name        hostname pl_letter  k2_name   epic_hostname      epic_candname hd_name hip_name  ... pl_nnotes k2_campaigns  k2_campaigns_num st_nphot st_nrvc  st_nspec  pl_nespec  pl_ntranspec  pl_ndispec
0      1        BD+20 594 b       BD+20 594         b  K2-56 b  EPIC 210848071  EPIC 210848071.01     NaN      NaN  ...       1.0            4               1.0      0.0     0.0       0.0        0.0           0.0         0.0
1      2        BD+20 594 b       BD+20 594         b  K2-56 b  EPIC 210848071  EPIC 210848071.01     NaN      NaN  ...       1.0            4               1.0      0.0     0.0       0.0        0.0           0.0         0.0
2      3        BD+20 594 b       BD+20 594         b  K2-56 b  EPIC 210848071  EPIC 210848071.01     NaN      NaN  ...       1.0            4               1.0      0.0     0.0       0.0        0.0           0.0         0.0
3      4  EPIC 201111557.01  EPIC 201111557       NaN      NaN  EPIC 201111557  EPIC 201111557.01     NaN      NaN  ...       0.0           10               1.0      0.0     0.0       0.0        0.0           0.0         0.0
4      5  EPIC 201111557.01  EPIC 201111557       NaN      NaN  EPIC 201111557  EPIC 201111557.01     NaN      NaN  ...       0.0           10               1.0      0.0     0.0       0.0        0.0           0.0         0.0

[5 rows x 295 columns]
2025-09-28 02:27:20,371 - DataLoaderAndMerger - INFO - Loaded Data from data\TESS_mission_captured_data.csv
2025-09-28 02:27:20,371 - DataLoaderAndMerger - INFO - (7668, 87)
2025-09-28 02:27:20,371 - DataLoaderAndMerger - INFO -    rowid      toi  toipfx        tid    ctoi_alias  pl_pnum tfopwg_disp         rastr          ra  ...  st_logglim  st_loggsymerr   st_rad  st_raderr1  st_raderr2  st_radlim  st_radsymerr          toi_created            rowupdate
0      1  1000.01    1000   50365310  5.036531e+07        1          FP  07h29m25.85s  112.357708  ...           0              1  2.16986    0.072573   -0.072573          0             1  2019-07-24 15:58:33  2024-09-09 10:08:01
1      2  1001.01    1001   88863718  8.886372e+07        1          PC  08h10m19.31s  122.580465  ...           0              1  2.01000    0.090000   -0.090000          0             1  2019-07-24 15:58:33  2023-04-03 14:31:04
2      3  1002.01    1002  124709665  1.247097e+08        1          FP  06h58m54.47s  104.726966  ...           0              1  5.73000         NaN         NaN          0             1  2019-07-24 15:58:33  2022-07-11 16:02:02
3      4  1003.01    1003  106997505  1.069975e+08        1          FP  07h22m14.39s  110.559945  ...           0              1      NaN         NaN         NaN          0             1  2019-07-24 15:58:33  2022-02-23 10:10:02
4      5  1004.01    1004  238597883  2.385979e+08        1          FP  08h08m42.77s  122.178195  ...           0              1  2.15000    0.060000   -0.060000          0             1  2019-07-24 15:58:33  2024-09-09 10:08:01

[5 rows x 87 columns]
2025-09-28 02:27:20,414 - DataLoaderAndMerger - INFO - Merging complete. Final DataFrame shape: (21224, 16)
2025-09-28 02:27:20,415 - DataLoaderAndMerger - INFO -       period  duration    depth  planet_radius       kepid        koi     disposition  semi_major_axis  source  star_radius  teff  logg  tic planet_name host_name  toi
0   9.488036   2.95750    615.8           2.26  10797460.0  K00752.01       CONFIRMED           0.0853  Kepler          NaN   NaN   NaN  NaN         NaN       NaN  NaN
1  54.418383   4.50700    874.8           2.83  10797460.0  K00752.02       CONFIRMED           0.2734  Kepler          NaN   NaN   NaN  NaN         NaN       NaN  NaN
2  19.899140   1.78220  10829.0          14.60  10811496.0  K00753.01       CANDIDATE           0.1419  Kepler          NaN   NaN   NaN  NaN         NaN       NaN  NaN
3   1.736952   2.40641   8079.2          33.46  10848459.0  K00754.01  FALSE POSITIVE           0.0267  Kepler          NaN   NaN   NaN  NaN         NaN       NaN  NaN
4   2.525592   1.65450    603.3           2.75  10854555.0  K00755.01       CONFIRMED           0.0374  Kepler          NaN   NaN   NaN  NaN         NaN       NaN  NaN
2025-09-28 02:27:20,494 - DataLoaderAndMerger - INFO - Successfully saved merged data to data\processed\Merged_data.csv
2025-09-28 02:27:33,757 - DataLoaderAndMerger - INFO - Loaded Data from data\kepler_captured_data.csv
2025-09-28 02:27:33,757 - DataLoaderAndMerger - INFO - (9564, 141)
2025-09-28 02:27:33,757 - DataLoaderAndMerger - INFO -    rowid     kepid kepoi_name   kepler_name koi_disposition koi_vet_stat koi_vet_date koi_pdisposition  ...  koi_dicco_msky  koi_dicco_msky_err  koi_dikco_mra  koi_dikco_mra_err  koi_dikco_mdec koi_dikco_mdec_err koi_dikco_msky  koi_dikco_msky_err
0      1  10797460  K00752.01  Kepler-227 b       CONFIRMED         Done   2018-08-16        CANDIDATE  ...           0.200               0.170          0.080              0.130           0.310              0.170          0.320               0.160
1      2  10797460  K00752.02  Kepler-227 c       CONFIRMED         Done   2018-08-16        CANDIDATE  ...           0.390               0.360          0.490              0.340           0.120              0.730          0.500               0.450
2      3  10811496  K00753.01           NaN       CANDIDATE         Done   2018-08-16        CANDIDATE  ...           0.042               0.072          0.002              0.071          -0.027              0.074          0.027               0.074
3      4  10848459  K00754.01           NaN  FALSE POSITIVE         Done   2018-08-16   FALSE POSITIVE  ...           0.289               0.079         -0.257              0.072           0.099              0.077          0.276               0.076
4      5  10854555  K00755.01  Kepler-664 b       CONFIRMED         Done   2018-08-16        CANDIDATE  ...           0.100               0.140          0.070              0.180           0.020              0.160          0.070               0.200

[5 rows x 141 columns]
2025-09-28 02:27:33,891 - DataLoaderAndMerger - INFO - Loaded Data from data\K2_mission_captured_data.csv
2025-09-28 02:27:33,892 - DataLoaderAndMerger - INFO - (3992, 295)
2025-09-28 02:27:33,892 - DataLoaderAndMerger - INFO -    rowid            pl_name        hostname pl_letter  k2_name   epic_hostname      epic_candname hd_name hip_name  ... pl_nnotes k2_campaigns  k2_campaigns_num st_nphot st_nrvc  st_nspec  pl_nespec  pl_ntranspec  pl_ndispec
0      1        BD+20 594 b       BD+20 594         b  K2-56 b  EPIC 210848071  EPIC 210848071.01     NaN      NaN  ...       1.0            4               1.0      0.0     0.0       0.0        0.0           0.0         0.0
1      2        BD+20 594 b       BD+20 594         b  K2-56 b  EPIC 210848071  EPIC 210848071.01     NaN      NaN  ...       1.0            4               1.0      0.0     0.0       0.0        0.0           0.0         0.0
2      3        BD+20 594 b       BD+20 594         b  K2-56 b  EPIC 210848071  EPIC 210848071.01     NaN      NaN  ...       1.0            4               1.0      0.0     0.0       0.0        0.0           0.0         0.0
3      4  EPIC 201111557.01  EPIC 201111557       NaN      NaN  EPIC 201111557  EPIC 201111557.01     NaN      NaN  ...       0.0           10               1.0      0.0     0.0       0.0        0.0           0.0         0.0
4      5  EPIC 201111557.01  EPIC 201111557       NaN      NaN  EPIC 201111557  EPIC 201111557.01     NaN      NaN  ...       0.0           10               1.0      0.0     0.0       0.0        0.0           0.0         0.0

[5 rows x 295 columns]
2025-09-28 02:27:34,041 - DataLoaderAndMerger - INFO - Loaded Data from data\TESS_mission_captured_data.csv
2025-09-28 02:27:34,042 - DataLoaderAndMerger - INFO - (7668, 87)
2025-09-28 02:27:34,042 - DataLoaderAndMerger - INFO -    rowid      toi  toipfx        tid    ctoi_alias  pl_pnum tfopwg_disp         rastr          ra  ...  st_logglim  st_loggsymerr   st_rad  st_raderr1  st_raderr2  st_radlim  st_radsymerr          toi_created            rowupdate
0      1  1000.01    1000   50365310  5.036531e+07        1          FP  07h29m25.85s  112.357708  ...           0              1  2.16986    0.072573   -0.072573          0             1  2019-07-24 15:58:33  2024-09-09 10:08:01
1      2  1001.01    1001   88863718  8.886372e+07        1          PC  08h10m19.31s  122.580465  ...           0              1  2.01000    0.090000   -0.090000          0             1  2019-07-24 15:58:33  2023-04-03 14:31:04
2      3  1002.01    1002  124709665  1.247097e+08        1          FP  06h58m54.47s  104.726966  ...           0              1  5.73000         NaN         NaN          0             1  2019-07-24 15:58:33  2022-07-11 16:02:02
3      4  1003.01    1003  106997505  1.069975e+08        1          FP  07h22m14.39s  110.559945  ...           0              1      NaN         NaN         NaN          0             1  2019-07-24 15:58:33  2022-02-23 10:10:02
4      5  1004.01    1004  238597883  2.385979e+08        1          FP  08h08m42.77s  122.178195  ...           0              1  2.15000    0.060000   -0.060000          0             1  2019-07-24 15:58:33  2024-09-09 10:08:01

[5 rows x 87 columns]
2025-09-28 02:27:34,082 - DataLoaderAndMerger - INFO - Merging complete. Final DataFrame shape: (21224, 16)
2025-09-28 02:27:34,082 - DataLoaderAndMerger - INFO -       period  duration    depth  planet_radius       kepid        koi     disposition  semi_major_axis  source  star_radius  teff  logg  tic planet_name host_name  toi
0   9.488036   2.95750    615.8           2.26  10797460.0  K00752.01       CONFIRMED           0.0853  Kepler          NaN   NaN   NaN  NaN         NaN       NaN  NaN
1  54.418383   4.50700    874.8           2.83  10797460.0  K00752.02       CONFIRMED           0.2734  Kepler          NaN   NaN   NaN  NaN         NaN       NaN  NaN
2  19.899140   1.78220  10829.0          14.60  10811496.0  K00753.01       CANDIDATE           0.1419  Kepler          NaN   NaN   NaN  NaN         NaN       NaN  NaN
3   1.736952   2.40641   8079.2          33.46  10848459.0  K00754.01  FALSE POSITIVE           0.0267  Kepler          NaN   NaN   NaN  NaN         NaN       NaN  NaN
4   2.525592   1.65450    603.3           2.75  10854555.0  K00755.01       CONFIRMED           0.0374  Kepler          NaN   NaN   NaN  NaN         NaN       NaN  NaN
2025-09-28 02:27:34,159 - DataLoaderAndMerger - INFO - Successfully saved merged data to data\processed\Merged_data.csv
