2025-09-25 03:32:27,868 - INFO - Loaded Data from ..\data\kepler_captured_data.csv
2025-09-25 03:32:27,869 - INFO - (9564, 141)
2025-09-25 03:32:27,869 - INFO -    rowid     kepid kepoi_name   kepler_name  ... koi_dikco_mdec koi_dikco_mdec_err koi_dikco_msky koi_dikco_msky_err
0      1  10797460  K00752.01  Kepler-227 b  ...          0.310              0.170          0.320              0.160
1      2  10797460  K00752.02  Kepler-227 c  ...          0.120              0.730          0.500              0.450
2      3  10811496  K00753.01           NaN  ...         -0.027              0.074          0.027              0.074
3      4  10848459  K00754.01           NaN  ...          0.099              0.077          0.276              0.076
4      5  10854555  K00755.01  Kepler-664 b  ...          0.020              0.160          0.070              0.200

[5 rows x 141 columns]
2025-09-25 03:32:28,015 - INFO - Loaded Data from ..\data\K2_mission_captured_data.csv
2025-09-25 03:32:28,016 - INFO - (3992, 295)
2025-09-25 03:32:28,016 - INFO -    rowid            pl_name        hostname pl_letter  k2_name  ... st_nrvc st_nspec pl_nespec pl_ntranspec pl_ndispec
0      1        BD+20 594 b       BD+20 594         b  K2-56 b  ...     0.0      0.0       0.0          0.0        0.0
1      2        BD+20 594 b       BD+20 594         b  K2-56 b  ...     0.0      0.0       0.0          0.0        0.0
2      3        BD+20 594 b       BD+20 594         b  K2-56 b  ...     0.0      0.0       0.0          0.0        0.0
3      4  EPIC 201111557.01  EPIC 201111557       NaN      NaN  ...     0.0      0.0       0.0          0.0        0.0
4      5  EPIC 201111557.01  EPIC 201111557       NaN      NaN  ...     0.0      0.0       0.0          0.0        0.0

[5 rows x 295 columns]
2025-09-25 03:32:28,127 - INFO - Loaded Data from ..\data\TESS_mission_captured_data.csv
2025-09-25 03:32:28,127 - INFO - (7668, 87)
2025-09-25 03:32:28,127 - INFO -    rowid      toi  toipfx        tid  ...  st_radlim  st_radsymerr          toi_created            rowupdate
0      1  1000.01    1000   50365310  ...          0             1  2019-07-24 15:58:33  2024-09-09 10:08:01
1      2  1001.01    1001   88863718  ...          0             1  2019-07-24 15:58:33  2023-04-03 14:31:04
2      3  1002.01    1002  124709665  ...          0             1  2019-07-24 15:58:33  2022-07-11 16:02:02
3      4  1003.01    1003  106997505  ...          0             1  2019-07-24 15:58:33  2022-02-23 10:10:02
4      5  1004.01    1004  238597883  ...          0             1  2019-07-24 15:58:33  2024-09-09 10:08:01

[5 rows x 87 columns]
2025-09-25 03:32:28,172 - INFO - Merging complete. Final DataFrame shape: (21224, 16)
2025-09-25 03:32:28,172 - INFO -       period  duration    depth  planet_radius       kepid        koi  ... teff  logg  tic  planet_name  host_name  toi
0   9.488036   2.95750    615.8           2.26  10797460.0  K00752.01  ...  NaN   NaN  NaN          NaN        NaN  NaN
1  54.418383   4.50700    874.8           2.83  10797460.0  K00752.02  ...  NaN   NaN  NaN          NaN        NaN  NaN
2  19.899140   1.78220  10829.0          14.60  10811496.0  K00753.01  ...  NaN   NaN  NaN          NaN        NaN  NaN
3   1.736952   2.40641   8079.2          33.46  10848459.0  K00754.01  ...  NaN   NaN  NaN          NaN        NaN  NaN
4   2.525592   1.65450    603.3           2.75  10854555.0  K00755.01  ...  NaN   NaN  NaN          NaN        NaN  NaN

[5 rows x 16 columns]
2025-09-25 03:32:28,249 - INFO - Successfully saved merged data to ..\data\Merged_data.csv
2025-09-25 03:32:28,250 - INFO - DataFrame shape: (21224, 16)
2025-09-25 03:32:28,251 - INFO - DataFrame dtypes:
period             float64
duration           float64
depth              float64
planet_radius      float64
kepid              float64
koi                 object
disposition         object
semi_major_axis    float64
source              object
star_radius        float64
teff               float64
logg               float64
tic                 object
planet_name         object
host_name           object
toi                float64
dtype: object
2025-09-25 03:32:28,257 - INFO - DataFrame head:
      period  duration    depth  planet_radius       kepid        koi  ... teff  logg  tic  planet_name  host_name  toi
0   9.488036   2.95750    615.8           2.26  10797460.0  K00752.01  ...  NaN   NaN  NaN          NaN        NaN  NaN
1  54.418383   4.50700    874.8           2.83  10797460.0  K00752.02  ...  NaN   NaN  NaN          NaN        NaN  NaN
2  19.899140   1.78220  10829.0          14.60  10811496.0  K00753.01  ...  NaN   NaN  NaN          NaN        NaN  NaN
3   1.736952   2.40641   8079.2          33.46  10848459.0  K00754.01  ...  NaN   NaN  NaN          NaN        NaN  NaN
4   2.525592   1.65450    603.3           2.75  10854555.0  K00755.01  ...  NaN   NaN  NaN          NaN        NaN  NaN

[5 rows x 16 columns]
2025-09-25 03:32:28,261 - INFO - DataFrame info: 
None
2025-09-25 03:32:28,276 - INFO - DataFrame describe:
              period      duration         depth  planet_radius  ...   star_radius          teff         logg          toi
count   21051.000000  12320.000000  9.201000e+03   19514.000000  ...  11009.000000  10373.000000  9148.000000  7668.000000
mean       48.342558      5.086007  2.379134e+04      53.670676  ...      1.324680   5609.734357     4.338540  3731.951026
std      1073.583587      5.890517  8.224268e+04    2113.796247  ...      1.926614   1448.988139     0.314180  2142.315067
min         0.152076     -0.068000  0.000000e+00       0.080000  ...      0.110000   2520.000000     0.100000   101.010000
25%         2.626698      2.271090  1.599000e+02       1.900000  ...      0.790000   4985.000000     4.160000  1852.760000
50%         5.850824      3.492450  4.211000e+02       3.940000  ...      1.080000   5660.000000     4.372375  3718.510000
75%        16.347230      5.620698  1.473400e+03      13.385078  ...      1.540000   6155.000000     4.540000  5590.260000
max    129995.778400    138.540000  1.541400e+06  200346.000000  ...    102.030000  50000.000000     5.960650  7475.010000

[8 rows x 10 columns]
2025-09-25 03:32:28,284 - INFO - DataFrame unique values:
period             20848
duration            8987
depth               6947
planet_radius      11142
kepid               8214
koi                 9564
disposition            4
semi_major_axis     3999
source                 3
star_radius         4004
teff                5168
logg                2552
tic                 1557
planet_name         1806
host_name           1560
toi                 7668
dtype: int64
2025-09-25 03:34:24,691 - INFO - Loaded Data from ..\data\kepler_captured_data.csv
2025-09-25 03:34:24,691 - INFO - (9564, 141)
2025-09-25 03:34:24,691 - INFO -    rowid     kepid kepoi_name   kepler_name  ... koi_dikco_mdec koi_dikco_mdec_err koi_dikco_msky koi_dikco_msky_err
0      1  10797460  K00752.01  Kepler-227 b  ...          0.310              0.170          0.320              0.160
1      2  10797460  K00752.02  Kepler-227 c  ...          0.120              0.730          0.500              0.450
2      3  10811496  K00753.01           NaN  ...         -0.027              0.074          0.027              0.074
3      4  10848459  K00754.01           NaN  ...          0.099              0.077          0.276              0.076
4      5  10854555  K00755.01  Kepler-664 b  ...          0.020              0.160          0.070              0.200

[5 rows x 141 columns]
2025-09-25 03:34:24,831 - INFO - Loaded Data from ..\data\K2_mission_captured_data.csv
2025-09-25 03:34:24,831 - INFO - (3992, 295)
2025-09-25 03:34:24,831 - INFO -    rowid            pl_name        hostname pl_letter  k2_name  ... st_nrvc st_nspec pl_nespec pl_ntranspec pl_ndispec
0      1        BD+20 594 b       BD+20 594         b  K2-56 b  ...     0.0      0.0       0.0          0.0        0.0
1      2        BD+20 594 b       BD+20 594         b  K2-56 b  ...     0.0      0.0       0.0          0.0        0.0
2      3        BD+20 594 b       BD+20 594         b  K2-56 b  ...     0.0      0.0       0.0          0.0        0.0
3      4  EPIC 201111557.01  EPIC 201111557       NaN      NaN  ...     0.0      0.0       0.0          0.0        0.0
4      5  EPIC 201111557.01  EPIC 201111557       NaN      NaN  ...     0.0      0.0       0.0          0.0        0.0

[5 rows x 295 columns]
2025-09-25 03:34:24,941 - INFO - Loaded Data from ..\data\TESS_mission_captured_data.csv
2025-09-25 03:34:24,942 - INFO - (7668, 87)
2025-09-25 03:34:24,942 - INFO -    rowid      toi  toipfx        tid  ...  st_radlim  st_radsymerr          toi_created            rowupdate
0      1  1000.01    1000   50365310  ...          0             1  2019-07-24 15:58:33  2024-09-09 10:08:01
1      2  1001.01    1001   88863718  ...          0             1  2019-07-24 15:58:33  2023-04-03 14:31:04
2      3  1002.01    1002  124709665  ...          0             1  2019-07-24 15:58:33  2022-07-11 16:02:02
3      4  1003.01    1003  106997505  ...          0             1  2019-07-24 15:58:33  2022-02-23 10:10:02
4      5  1004.01    1004  238597883  ...          0             1  2019-07-24 15:58:33  2024-09-09 10:08:01

[5 rows x 87 columns]
2025-09-25 03:34:24,984 - INFO - Merging complete. Final DataFrame shape: (21224, 16)
2025-09-25 03:34:24,984 - INFO -       period  duration    depth  planet_radius       kepid        koi  ... teff  logg  tic  planet_name  host_name  toi
0   9.488036   2.95750    615.8           2.26  10797460.0  K00752.01  ...  NaN   NaN  NaN          NaN        NaN  NaN
1  54.418383   4.50700    874.8           2.83  10797460.0  K00752.02  ...  NaN   NaN  NaN          NaN        NaN  NaN
2  19.899140   1.78220  10829.0          14.60  10811496.0  K00753.01  ...  NaN   NaN  NaN          NaN        NaN  NaN
3   1.736952   2.40641   8079.2          33.46  10848459.0  K00754.01  ...  NaN   NaN  NaN          NaN        NaN  NaN
4   2.525592   1.65450    603.3           2.75  10854555.0  K00755.01  ...  NaN   NaN  NaN          NaN        NaN  NaN

[5 rows x 16 columns]
2025-09-25 03:34:25,063 - INFO - Successfully saved merged data to ..\data\Merged_data.csv
2025-09-25 03:34:25,064 - INFO - DataFrame shape: (21224, 16)
2025-09-25 03:34:25,064 - INFO - DataFrame dtypes:
period             float64
duration           float64
depth              float64
planet_radius      float64
kepid              float64
koi                 object
disposition         object
semi_major_axis    float64
source              object
star_radius        float64
teff               float64
logg               float64
tic                 object
planet_name         object
host_name           object
toi                float64
dtype: object
2025-09-25 03:34:25,070 - INFO - DataFrame head:
      period  duration    depth  planet_radius       kepid        koi  ... teff  logg  tic  planet_name  host_name  toi
0   9.488036   2.95750    615.8           2.26  10797460.0  K00752.01  ...  NaN   NaN  NaN          NaN        NaN  NaN
1  54.418383   4.50700    874.8           2.83  10797460.0  K00752.02  ...  NaN   NaN  NaN          NaN        NaN  NaN
2  19.899140   1.78220  10829.0          14.60  10811496.0  K00753.01  ...  NaN   NaN  NaN          NaN        NaN  NaN
3   1.736952   2.40641   8079.2          33.46  10848459.0  K00754.01  ...  NaN   NaN  NaN          NaN        NaN  NaN
4   2.525592   1.65450    603.3           2.75  10854555.0  K00755.01  ...  NaN   NaN  NaN          NaN        NaN  NaN

[5 rows x 16 columns]
2025-09-25 03:34:25,075 - INFO - DataFrame info: 
None
2025-09-25 03:34:25,090 - INFO - DataFrame describe:
              period      duration         depth  planet_radius  ...   star_radius          teff         logg          toi
count   21051.000000  12320.000000  9.201000e+03   19514.000000  ...  11009.000000  10373.000000  9148.000000  7668.000000
mean       48.342558      5.086007  2.379134e+04      53.670676  ...      1.324680   5609.734357     4.338540  3731.951026
std      1073.583587      5.890517  8.224268e+04    2113.796247  ...      1.926614   1448.988139     0.314180  2142.315067
min         0.152076     -0.068000  0.000000e+00       0.080000  ...      0.110000   2520.000000     0.100000   101.010000
25%         2.626698      2.271090  1.599000e+02       1.900000  ...      0.790000   4985.000000     4.160000  1852.760000
50%         5.850824      3.492450  4.211000e+02       3.940000  ...      1.080000   5660.000000     4.372375  3718.510000
75%        16.347230      5.620698  1.473400e+03      13.385078  ...      1.540000   6155.000000     4.540000  5590.260000
max    129995.778400    138.540000  1.541400e+06  200346.000000  ...    102.030000  50000.000000     5.960650  7475.010000

[8 rows x 10 columns]
2025-09-25 03:34:25,096 - INFO - DataFrame unique values:
period             20848
duration            8987
depth               6947
planet_radius      11142
kepid               8214
koi                 9564
disposition            4
semi_major_axis     3999
source                 3
star_radius         4004
teff                5168
logg                2552
tic                 1557
planet_name         1806
host_name           1560
toi                 7668
dtype: int64
2025-09-25 03:37:36,281 - INFO - Loaded Data from ..\data\kepler_captured_data.csv
2025-09-25 03:37:36,282 - INFO - (9564, 141)
2025-09-25 03:37:36,282 - INFO -    rowid     kepid kepoi_name   kepler_name  ... koi_dikco_mdec koi_dikco_mdec_err koi_dikco_msky koi_dikco_msky_err
0      1  10797460  K00752.01  Kepler-227 b  ...          0.310              0.170          0.320              0.160
1      2  10797460  K00752.02  Kepler-227 c  ...          0.120              0.730          0.500              0.450
2      3  10811496  K00753.01           NaN  ...         -0.027              0.074          0.027              0.074
3      4  10848459  K00754.01           NaN  ...          0.099              0.077          0.276              0.076
4      5  10854555  K00755.01  Kepler-664 b  ...          0.020              0.160          0.070              0.200

[5 rows x 141 columns]
2025-09-25 03:37:36,422 - INFO - Loaded Data from ..\data\K2_mission_captured_data.csv
2025-09-25 03:37:36,423 - INFO - (3992, 295)
2025-09-25 03:37:36,423 - INFO -    rowid            pl_name        hostname pl_letter  k2_name  ... st_nrvc st_nspec pl_nespec pl_ntranspec pl_ndispec
0      1        BD+20 594 b       BD+20 594         b  K2-56 b  ...     0.0      0.0       0.0          0.0        0.0
1      2        BD+20 594 b       BD+20 594         b  K2-56 b  ...     0.0      0.0       0.0          0.0        0.0
2      3        BD+20 594 b       BD+20 594         b  K2-56 b  ...     0.0      0.0       0.0          0.0        0.0
3      4  EPIC 201111557.01  EPIC 201111557       NaN      NaN  ...     0.0      0.0       0.0          0.0        0.0
4      5  EPIC 201111557.01  EPIC 201111557       NaN      NaN  ...     0.0      0.0       0.0          0.0        0.0

[5 rows x 295 columns]
2025-09-25 03:37:36,545 - INFO - Loaded Data from ..\data\TESS_mission_captured_data.csv
2025-09-25 03:37:36,545 - INFO - (7668, 87)
2025-09-25 03:37:36,545 - INFO -    rowid      toi  toipfx        tid  ...  st_radlim  st_radsymerr          toi_created            rowupdate
0      1  1000.01    1000   50365310  ...          0             1  2019-07-24 15:58:33  2024-09-09 10:08:01
1      2  1001.01    1001   88863718  ...          0             1  2019-07-24 15:58:33  2023-04-03 14:31:04
2      3  1002.01    1002  124709665  ...          0             1  2019-07-24 15:58:33  2022-07-11 16:02:02
3      4  1003.01    1003  106997505  ...          0             1  2019-07-24 15:58:33  2022-02-23 10:10:02
4      5  1004.01    1004  238597883  ...          0             1  2019-07-24 15:58:33  2024-09-09 10:08:01

[5 rows x 87 columns]
2025-09-25 03:37:36,587 - INFO - Merging complete. Final DataFrame shape: (21224, 16)
2025-09-25 03:37:36,588 - INFO -       period  duration    depth  planet_radius       kepid        koi  ... teff  logg  tic  planet_name  host_name  toi
0   9.488036   2.95750    615.8           2.26  10797460.0  K00752.01  ...  NaN   NaN  NaN          NaN        NaN  NaN
1  54.418383   4.50700    874.8           2.83  10797460.0  K00752.02  ...  NaN   NaN  NaN          NaN        NaN  NaN
2  19.899140   1.78220  10829.0          14.60  10811496.0  K00753.01  ...  NaN   NaN  NaN          NaN        NaN  NaN
3   1.736952   2.40641   8079.2          33.46  10848459.0  K00754.01  ...  NaN   NaN  NaN          NaN        NaN  NaN
4   2.525592   1.65450    603.3           2.75  10854555.0  K00755.01  ...  NaN   NaN  NaN          NaN        NaN  NaN

[5 rows x 16 columns]
2025-09-25 03:37:36,667 - INFO - Successfully saved merged data to ..\data\Merged_data.csv
2025-09-25 03:37:36,668 - INFO - DataFrame shape: (21224, 16)
2025-09-25 03:37:36,669 - INFO - DataFrame dtypes:
period             float64
duration           float64
depth              float64
planet_radius      float64
kepid              float64
koi                 object
disposition         object
semi_major_axis    float64
source              object
star_radius        float64
teff               float64
logg               float64
tic                 object
planet_name         object
host_name           object
toi                float64
dtype: object
2025-09-25 03:37:36,674 - INFO - DataFrame head:
      period  duration    depth  planet_radius       kepid        koi  ... teff  logg  tic  planet_name  host_name  toi
0   9.488036   2.95750    615.8           2.26  10797460.0  K00752.01  ...  NaN   NaN  NaN          NaN        NaN  NaN
1  54.418383   4.50700    874.8           2.83  10797460.0  K00752.02  ...  NaN   NaN  NaN          NaN        NaN  NaN
2  19.899140   1.78220  10829.0          14.60  10811496.0  K00753.01  ...  NaN   NaN  NaN          NaN        NaN  NaN
3   1.736952   2.40641   8079.2          33.46  10848459.0  K00754.01  ...  NaN   NaN  NaN          NaN        NaN  NaN
4   2.525592   1.65450    603.3           2.75  10854555.0  K00755.01  ...  NaN   NaN  NaN          NaN        NaN  NaN

[5 rows x 16 columns]
2025-09-25 03:37:36,679 - INFO - DataFrame info: 
None
2025-09-25 03:37:36,693 - INFO - DataFrame describe:
              period      duration         depth  planet_radius  ...   star_radius          teff         logg          toi
count   21051.000000  12320.000000  9.201000e+03   19514.000000  ...  11009.000000  10373.000000  9148.000000  7668.000000
mean       48.342558      5.086007  2.379134e+04      53.670676  ...      1.324680   5609.734357     4.338540  3731.951026
std      1073.583587      5.890517  8.224268e+04    2113.796247  ...      1.926614   1448.988139     0.314180  2142.315067
min         0.152076     -0.068000  0.000000e+00       0.080000  ...      0.110000   2520.000000     0.100000   101.010000
25%         2.626698      2.271090  1.599000e+02       1.900000  ...      0.790000   4985.000000     4.160000  1852.760000
50%         5.850824      3.492450  4.211000e+02       3.940000  ...      1.080000   5660.000000     4.372375  3718.510000
75%        16.347230      5.620698  1.473400e+03      13.385078  ...      1.540000   6155.000000     4.540000  5590.260000
max    129995.778400    138.540000  1.541400e+06  200346.000000  ...    102.030000  50000.000000     5.960650  7475.010000

[8 rows x 10 columns]
2025-09-25 03:37:36,699 - INFO - DataFrame unique values:
period             20848
duration            8987
depth               6947
planet_radius      11142
kepid               8214
koi                 9564
disposition            4
semi_major_axis     3999
source                 3
star_radius         4004
teff                5168
logg                2552
tic                 1557
planet_name         1806
host_name           1560
toi                 7668
dtype: int64
2025-09-25 03:51:18,281 - INFO - Loaded Data from ..\data\kepler_captured_data.csv
2025-09-25 03:51:18,281 - INFO - (9564, 141)
2025-09-25 03:51:18,281 - INFO -    rowid     kepid kepoi_name   kepler_name koi_disposition koi_vet_stat koi_vet_date koi_pdisposition  koi_score  ...  koi_dicco_mdec_err  koi_dicco_msky  koi_dicco_msky_err  koi_dikco_mra koi_dikco_mra_err koi_dikco_mdec  koi_dikco_mdec_err  koi_dikco_msky  koi_dikco_msky_err
0      1  10797460  K00752.01  Kepler-227 b       CONFIRMED         Done   2018-08-16        CANDIDATE      1.000  ...               0.160           0.200               0.170          0.080             0.130          0.310               0.170           0.320               0.160
1      2  10797460  K00752.02  Kepler-227 c       CONFIRMED         Done   2018-08-16        CANDIDATE      0.969  ...               0.480           0.390               0.360          0.490             0.340          0.120               0.730           0.500               0.450
2      3  10811496  K00753.01           NaN       CANDIDATE         Done   2018-08-16        CANDIDATE      0.000  ...               0.070           0.042               0.072          0.002             0.071         -0.027               0.074           0.027               0.074
3      4  10848459  K00754.01           NaN  FALSE POSITIVE         Done   2018-08-16   FALSE POSITIVE      0.000  ...               0.078           0.289               0.079         -0.257             0.072          0.099               0.077           0.276               0.076
4      5  10854555  K00755.01  Kepler-664 b       CONFIRMED         Done   2018-08-16        CANDIDATE      1.000  ...               0.180           0.100               0.140          0.070             0.180          0.020               0.160           0.070               0.200

[5 rows x 141 columns]
2025-09-25 03:51:18,418 - INFO - Loaded Data from ..\data\K2_mission_captured_data.csv
2025-09-25 03:51:18,418 - INFO - (3992, 295)
2025-09-25 03:51:18,418 - INFO -    rowid            pl_name        hostname pl_letter  k2_name   epic_hostname      epic_candname hd_name hip_name         tic_id  ... releasedate  pl_nnotes k2_campaigns k2_campaigns_num  st_nphot  st_nrvc  st_nspec  pl_nespec pl_ntranspec  pl_ndispec
0      1        BD+20 594 b       BD+20 594         b  K2-56 b  EPIC 210848071  EPIC 210848071.01     NaN      NaN   TIC 26123781  ...  2018-02-15        1.0            4              1.0       0.0      0.0       0.0        0.0          0.0         0.0
1      2        BD+20 594 b       BD+20 594         b  K2-56 b  EPIC 210848071  EPIC 210848071.01     NaN      NaN   TIC 26123781  ...  2016-07-28        1.0            4              1.0       0.0      0.0       0.0        0.0          0.0         0.0
2      3        BD+20 594 b       BD+20 594         b  K2-56 b  EPIC 210848071  EPIC 210848071.01     NaN      NaN   TIC 26123781  ...  2018-04-26        1.0            4              1.0       0.0      0.0       0.0        0.0          0.0         0.0
3      4  EPIC 201111557.01  EPIC 201111557       NaN      NaN  EPIC 201111557  EPIC 201111557.01     NaN      NaN  TIC 176942156  ...  2018-02-15        0.0           10              1.0       0.0      0.0       0.0        0.0          0.0         0.0
4      5  EPIC 201111557.01  EPIC 201111557       NaN      NaN  EPIC 201111557  EPIC 201111557.01     NaN      NaN  TIC 176942156  ...  2018-08-02        0.0           10              1.0       0.0      0.0       0.0        0.0          0.0         0.0

[5 rows x 295 columns]
2025-09-25 03:51:18,613 - INFO - Loaded Data from ..\data\TESS_mission_captured_data.csv
2025-09-25 03:51:18,614 - INFO - (7668, 87)
2025-09-25 03:51:18,614 - INFO -    rowid      toi  toipfx        tid    ctoi_alias  pl_pnum tfopwg_disp         rastr          ra  raerr1  raerr2  ... st_loggerr1  st_loggerr2  st_logglim  st_loggsymerr   st_rad  st_raderr1  st_raderr2  st_radlim  st_radsymerr          toi_created            rowupdate
0      1  1000.01    1000   50365310  5.036531e+07        1          FP  07h29m25.85s  112.357708     NaN     NaN  ...        0.07        -0.07           0              1  2.16986    0.072573   -0.072573          0             1  2019-07-24 15:58:33  2024-09-09 10:08:01
1      2  1001.01    1001   88863718  8.886372e+07        1          PC  08h10m19.31s  122.580465     NaN     NaN  ...        0.09        -0.09           0              1  2.01000    0.090000   -0.090000          0             1  2019-07-24 15:58:33  2023-04-03 14:31:04
2      3  1002.01    1002  124709665  1.247097e+08        1          FP  06h58m54.47s  104.726966     NaN     NaN  ...         NaN          NaN           0              1  5.73000         NaN         NaN          0             1  2019-07-24 15:58:33  2022-07-11 16:02:02
3      4  1003.01    1003  106997505  1.069975e+08        1          FP  07h22m14.39s  110.559945     NaN     NaN  ...        1.64        -1.64           0              1      NaN         NaN         NaN          0             1  2019-07-24 15:58:33  2022-02-23 10:10:02
4      5  1004.01    1004  238597883  2.385979e+08        1          FP  08h08m42.77s  122.178195     NaN     NaN  ...        0.07        -0.07           0              1  2.15000    0.060000   -0.060000          0             1  2019-07-24 15:58:33  2024-09-09 10:08:01

[5 rows x 87 columns]
2025-09-25 03:51:18,656 - INFO - Merging complete. Final DataFrame shape: (21224, 16)
2025-09-25 03:51:18,657 - INFO -       period  duration    depth  planet_radius       kepid        koi     disposition  semi_major_axis  source  star_radius  teff  logg  tic planet_name host_name  toi
0   9.488036   2.95750    615.8           2.26  10797460.0  K00752.01       CONFIRMED           0.0853  Kepler          NaN   NaN   NaN  NaN         NaN       NaN  NaN
1  54.418383   4.50700    874.8           2.83  10797460.0  K00752.02       CONFIRMED           0.2734  Kepler          NaN   NaN   NaN  NaN         NaN       NaN  NaN
2  19.899140   1.78220  10829.0          14.60  10811496.0  K00753.01       CANDIDATE           0.1419  Kepler          NaN   NaN   NaN  NaN         NaN       NaN  NaN
3   1.736952   2.40641   8079.2          33.46  10848459.0  K00754.01  FALSE POSITIVE           0.0267  Kepler          NaN   NaN   NaN  NaN         NaN       NaN  NaN
4   2.525592   1.65450    603.3           2.75  10854555.0  K00755.01       CONFIRMED           0.0374  Kepler          NaN   NaN   NaN  NaN         NaN       NaN  NaN
2025-09-25 03:52:33,030 - INFO - Loaded Data from ..\data\kepler_captured_data.csv
2025-09-25 03:52:33,031 - INFO - (9564, 141)
2025-09-25 03:52:33,031 - INFO -    rowid     kepid kepoi_name   kepler_name koi_disposition koi_vet_stat koi_vet_date koi_pdisposition  koi_score  ...  koi_dicco_mdec_err  koi_dicco_msky  koi_dicco_msky_err  koi_dikco_mra koi_dikco_mra_err koi_dikco_mdec  koi_dikco_mdec_err  koi_dikco_msky  koi_dikco_msky_err
0      1  10797460  K00752.01  Kepler-227 b       CONFIRMED         Done   2018-08-16        CANDIDATE      1.000  ...               0.160           0.200               0.170          0.080             0.130          0.310               0.170           0.320               0.160
1      2  10797460  K00752.02  Kepler-227 c       CONFIRMED         Done   2018-08-16        CANDIDATE      0.969  ...               0.480           0.390               0.360          0.490             0.340          0.120               0.730           0.500               0.450
2      3  10811496  K00753.01           NaN       CANDIDATE         Done   2018-08-16        CANDIDATE      0.000  ...               0.070           0.042               0.072          0.002             0.071         -0.027               0.074           0.027               0.074
3      4  10848459  K00754.01           NaN  FALSE POSITIVE         Done   2018-08-16   FALSE POSITIVE      0.000  ...               0.078           0.289               0.079         -0.257             0.072          0.099               0.077           0.276               0.076
4      5  10854555  K00755.01  Kepler-664 b       CONFIRMED         Done   2018-08-16        CANDIDATE      1.000  ...               0.180           0.100               0.140          0.070             0.180          0.020               0.160           0.070               0.200

[5 rows x 141 columns]
2025-09-25 03:52:33,158 - INFO - Loaded Data from ..\data\K2_mission_captured_data.csv
2025-09-25 03:52:33,159 - INFO - (3992, 295)
2025-09-25 03:52:33,159 - INFO -    rowid            pl_name        hostname pl_letter  k2_name   epic_hostname      epic_candname hd_name hip_name         tic_id  ... releasedate  pl_nnotes k2_campaigns k2_campaigns_num  st_nphot  st_nrvc  st_nspec  pl_nespec pl_ntranspec  pl_ndispec
0      1        BD+20 594 b       BD+20 594         b  K2-56 b  EPIC 210848071  EPIC 210848071.01     NaN      NaN   TIC 26123781  ...  2018-02-15        1.0            4              1.0       0.0      0.0       0.0        0.0          0.0         0.0
1      2        BD+20 594 b       BD+20 594         b  K2-56 b  EPIC 210848071  EPIC 210848071.01     NaN      NaN   TIC 26123781  ...  2016-07-28        1.0            4              1.0       0.0      0.0       0.0        0.0          0.0         0.0
2      3        BD+20 594 b       BD+20 594         b  K2-56 b  EPIC 210848071  EPIC 210848071.01     NaN      NaN   TIC 26123781  ...  2018-04-26        1.0            4              1.0       0.0      0.0       0.0        0.0          0.0         0.0
3      4  EPIC 201111557.01  EPIC 201111557       NaN      NaN  EPIC 201111557  EPIC 201111557.01     NaN      NaN  TIC 176942156  ...  2018-02-15        0.0           10              1.0       0.0      0.0       0.0        0.0          0.0         0.0
4      5  EPIC 201111557.01  EPIC 201111557       NaN      NaN  EPIC 201111557  EPIC 201111557.01     NaN      NaN  TIC 176942156  ...  2018-08-02        0.0           10              1.0       0.0      0.0       0.0        0.0          0.0         0.0

[5 rows x 295 columns]
2025-09-25 03:52:33,320 - INFO - Loaded Data from ..\data\TESS_mission_captured_data.csv
2025-09-25 03:52:33,320 - INFO - (7668, 87)
2025-09-25 03:52:33,320 - INFO -    rowid      toi  toipfx        tid    ctoi_alias  pl_pnum tfopwg_disp         rastr          ra  raerr1  raerr2  ... st_loggerr1  st_loggerr2  st_logglim  st_loggsymerr   st_rad  st_raderr1  st_raderr2  st_radlim  st_radsymerr          toi_created            rowupdate
0      1  1000.01    1000   50365310  5.036531e+07        1          FP  07h29m25.85s  112.357708     NaN     NaN  ...        0.07        -0.07           0              1  2.16986    0.072573   -0.072573          0             1  2019-07-24 15:58:33  2024-09-09 10:08:01
1      2  1001.01    1001   88863718  8.886372e+07        1          PC  08h10m19.31s  122.580465     NaN     NaN  ...        0.09        -0.09           0              1  2.01000    0.090000   -0.090000          0             1  2019-07-24 15:58:33  2023-04-03 14:31:04
2      3  1002.01    1002  124709665  1.247097e+08        1          FP  06h58m54.47s  104.726966     NaN     NaN  ...         NaN          NaN           0              1  5.73000         NaN         NaN          0             1  2019-07-24 15:58:33  2022-07-11 16:02:02
3      4  1003.01    1003  106997505  1.069975e+08        1          FP  07h22m14.39s  110.559945     NaN     NaN  ...        1.64        -1.64           0              1      NaN         NaN         NaN          0             1  2019-07-24 15:58:33  2022-02-23 10:10:02
4      5  1004.01    1004  238597883  2.385979e+08        1          FP  08h08m42.77s  122.178195     NaN     NaN  ...        0.07        -0.07           0              1  2.15000    0.060000   -0.060000          0             1  2019-07-24 15:58:33  2024-09-09 10:08:01

[5 rows x 87 columns]
2025-09-25 03:52:33,361 - INFO - Merging complete. Final DataFrame shape: (21224, 16)
2025-09-25 03:52:33,361 - INFO -       period  duration    depth  planet_radius       kepid        koi     disposition  semi_major_axis  source  star_radius  teff  logg  tic planet_name host_name  toi
0   9.488036   2.95750    615.8           2.26  10797460.0  K00752.01       CONFIRMED           0.0853  Kepler          NaN   NaN   NaN  NaN         NaN       NaN  NaN
1  54.418383   4.50700    874.8           2.83  10797460.0  K00752.02       CONFIRMED           0.2734  Kepler          NaN   NaN   NaN  NaN         NaN       NaN  NaN
2  19.899140   1.78220  10829.0          14.60  10811496.0  K00753.01       CANDIDATE           0.1419  Kepler          NaN   NaN   NaN  NaN         NaN       NaN  NaN
3   1.736952   2.40641   8079.2          33.46  10848459.0  K00754.01  FALSE POSITIVE           0.0267  Kepler          NaN   NaN   NaN  NaN         NaN       NaN  NaN
4   2.525592   1.65450    603.3           2.75  10854555.0  K00755.01       CONFIRMED           0.0374  Kepler          NaN   NaN   NaN  NaN         NaN       NaN  NaN
2025-09-25 03:52:33,371 - INFO - DataFrame shape: (21224, 16)
2025-09-25 03:52:33,371 - INFO - DataFrame dtypes:
period             float64
duration           float64
depth              float64
planet_radius      float64
kepid              float64
koi                 object
disposition         object
semi_major_axis    float64
source              object
star_radius        float64
teff               float64
logg               float64
tic                 object
planet_name         object
host_name           object
toi                float64
dtype: object
2025-09-25 03:52:33,376 - INFO - DataFrame head:
      period  duration    depth  planet_radius       kepid        koi     disposition  semi_major_axis  source  star_radius  teff  logg  tic planet_name host_name  toi
0   9.488036   2.95750    615.8           2.26  10797460.0  K00752.01       CONFIRMED           0.0853  Kepler          NaN   NaN   NaN  NaN         NaN       NaN  NaN
1  54.418383   4.50700    874.8           2.83  10797460.0  K00752.02       CONFIRMED           0.2734  Kepler          NaN   NaN   NaN  NaN         NaN       NaN  NaN
2  19.899140   1.78220  10829.0          14.60  10811496.0  K00753.01       CANDIDATE           0.1419  Kepler          NaN   NaN   NaN  NaN         NaN       NaN  NaN
3   1.736952   2.40641   8079.2          33.46  10848459.0  K00754.01  FALSE POSITIVE           0.0267  Kepler          NaN   NaN   NaN  NaN         NaN       NaN  NaN
4   2.525592   1.65450    603.3           2.75  10854555.0  K00755.01       CONFIRMED           0.0374  Kepler          NaN   NaN   NaN  NaN         NaN       NaN  NaN
2025-09-25 03:52:33,380 - INFO - DataFrame info: 
None
2025-09-25 03:52:33,395 - INFO - DataFrame describe:
              period      duration         depth  planet_radius         kepid  semi_major_axis   star_radius          teff         logg          toi
count   21051.000000  12320.000000  9.201000e+03   19514.000000  9.564000e+03     10013.000000  11009.000000  10373.000000  9148.000000  7668.000000
mean       48.342558      5.086007  2.379134e+04      53.670676  7.690628e+06         0.214372      1.324680   5609.734357     4.338540  3731.951026
std      1073.583587      5.890517  8.224268e+04    2113.796247  2.653459e+06         0.549790      1.926614   1448.988139     0.314180  2142.315067
min         0.152076     -0.068000  0.000000e+00       0.080000  7.574500e+05         0.003400      0.110000   2520.000000     0.100000   101.010000
25%         2.626698      2.271090  1.599000e+02       1.900000  5.556034e+06         0.038100      0.790000   4985.000000     4.160000  1852.760000
50%         5.850824      3.492450  4.211000e+02       3.940000  7.906892e+06         0.081900      1.080000   5660.000000     4.372375  3718.510000
75%        16.347230      5.620698  1.473400e+03      13.385078  9.873066e+06         0.196400      1.540000   6155.000000     4.540000  5590.260000
max    129995.778400    138.540000  1.541400e+06  200346.000000  1.293514e+07        44.989200    102.030000  50000.000000     5.960650  7475.010000
2025-09-25 03:52:33,400 - INFO - DataFrame unique values:
period             20848
duration            8987
depth               6947
planet_radius      11142
kepid               8214
koi                 9564
disposition            4
semi_major_axis     3999
source                 3
star_radius         4004
teff                5168
logg                2552
tic                 1557
planet_name         1806
host_name           1560
toi                 7668
dtype: int64
2025-09-25 03:53:34,689 - INFO - Loaded Data from ..\data\kepler_captured_data.csv
2025-09-25 03:53:34,690 - INFO - (9564, 141)
2025-09-25 03:53:34,690 - INFO -    rowid     kepid kepoi_name   kepler_name koi_disposition koi_vet_stat koi_vet_date koi_pdisposition  koi_score  ...  koi_dicco_mdec_err  koi_dicco_msky  koi_dicco_msky_err  koi_dikco_mra koi_dikco_mra_err koi_dikco_mdec  koi_dikco_mdec_err  koi_dikco_msky  koi_dikco_msky_err
0      1  10797460  K00752.01  Kepler-227 b       CONFIRMED         Done   2018-08-16        CANDIDATE      1.000  ...               0.160           0.200               0.170          0.080             0.130          0.310               0.170           0.320               0.160
1      2  10797460  K00752.02  Kepler-227 c       CONFIRMED         Done   2018-08-16        CANDIDATE      0.969  ...               0.480           0.390               0.360          0.490             0.340          0.120               0.730           0.500               0.450
2      3  10811496  K00753.01           NaN       CANDIDATE         Done   2018-08-16        CANDIDATE      0.000  ...               0.070           0.042               0.072          0.002             0.071         -0.027               0.074           0.027               0.074
3      4  10848459  K00754.01           NaN  FALSE POSITIVE         Done   2018-08-16   FALSE POSITIVE      0.000  ...               0.078           0.289               0.079         -0.257             0.072          0.099               0.077           0.276               0.076
4      5  10854555  K00755.01  Kepler-664 b       CONFIRMED         Done   2018-08-16        CANDIDATE      1.000  ...               0.180           0.100               0.140          0.070             0.180          0.020               0.160           0.070               0.200

[5 rows x 141 columns]
2025-09-25 03:53:34,822 - INFO - Loaded Data from ..\data\K2_mission_captured_data.csv
2025-09-25 03:53:34,822 - INFO - (3992, 295)
2025-09-25 03:53:34,823 - INFO -    rowid            pl_name        hostname pl_letter  k2_name   epic_hostname      epic_candname hd_name hip_name         tic_id  ... releasedate  pl_nnotes k2_campaigns k2_campaigns_num  st_nphot  st_nrvc  st_nspec  pl_nespec pl_ntranspec  pl_ndispec
0      1        BD+20 594 b       BD+20 594         b  K2-56 b  EPIC 210848071  EPIC 210848071.01     NaN      NaN   TIC 26123781  ...  2018-02-15        1.0            4              1.0       0.0      0.0       0.0        0.0          0.0         0.0
1      2        BD+20 594 b       BD+20 594         b  K2-56 b  EPIC 210848071  EPIC 210848071.01     NaN      NaN   TIC 26123781  ...  2016-07-28        1.0            4              1.0       0.0      0.0       0.0        0.0          0.0         0.0
2      3        BD+20 594 b       BD+20 594         b  K2-56 b  EPIC 210848071  EPIC 210848071.01     NaN      NaN   TIC 26123781  ...  2018-04-26        1.0            4              1.0       0.0      0.0       0.0        0.0          0.0         0.0
3      4  EPIC 201111557.01  EPIC 201111557       NaN      NaN  EPIC 201111557  EPIC 201111557.01     NaN      NaN  TIC 176942156  ...  2018-02-15        0.0           10              1.0       0.0      0.0       0.0        0.0          0.0         0.0
4      5  EPIC 201111557.01  EPIC 201111557       NaN      NaN  EPIC 201111557  EPIC 201111557.01     NaN      NaN  TIC 176942156  ...  2018-08-02        0.0           10              1.0       0.0      0.0       0.0        0.0          0.0         0.0

[5 rows x 295 columns]
2025-09-25 03:53:34,986 - INFO - Loaded Data from ..\data\TESS_mission_captured_data.csv
2025-09-25 03:53:34,986 - INFO - (7668, 87)
2025-09-25 03:53:34,987 - INFO -    rowid      toi  toipfx        tid    ctoi_alias  pl_pnum tfopwg_disp         rastr          ra  raerr1  raerr2  ... st_loggerr1  st_loggerr2  st_logglim  st_loggsymerr   st_rad  st_raderr1  st_raderr2  st_radlim  st_radsymerr          toi_created            rowupdate
0      1  1000.01    1000   50365310  5.036531e+07        1          FP  07h29m25.85s  112.357708     NaN     NaN  ...        0.07        -0.07           0              1  2.16986    0.072573   -0.072573          0             1  2019-07-24 15:58:33  2024-09-09 10:08:01
1      2  1001.01    1001   88863718  8.886372e+07        1          PC  08h10m19.31s  122.580465     NaN     NaN  ...        0.09        -0.09           0              1  2.01000    0.090000   -0.090000          0             1  2019-07-24 15:58:33  2023-04-03 14:31:04
2      3  1002.01    1002  124709665  1.247097e+08        1          FP  06h58m54.47s  104.726966     NaN     NaN  ...         NaN          NaN           0              1  5.73000         NaN         NaN          0             1  2019-07-24 15:58:33  2022-07-11 16:02:02
3      4  1003.01    1003  106997505  1.069975e+08        1          FP  07h22m14.39s  110.559945     NaN     NaN  ...        1.64        -1.64           0              1      NaN         NaN         NaN          0             1  2019-07-24 15:58:33  2022-02-23 10:10:02
4      5  1004.01    1004  238597883  2.385979e+08        1          FP  08h08m42.77s  122.178195     NaN     NaN  ...        0.07        -0.07           0              1  2.15000    0.060000   -0.060000          0             1  2019-07-24 15:58:33  2024-09-09 10:08:01

[5 rows x 87 columns]
2025-09-25 03:53:35,030 - INFO - Merging complete. Final DataFrame shape: (21224, 16)
2025-09-25 03:53:35,030 - INFO -       period  duration    depth  planet_radius       kepid        koi     disposition  semi_major_axis  source  star_radius  teff  logg  tic planet_name host_name  toi
0   9.488036   2.95750    615.8           2.26  10797460.0  K00752.01       CONFIRMED           0.0853  Kepler          NaN   NaN   NaN  NaN         NaN       NaN  NaN
1  54.418383   4.50700    874.8           2.83  10797460.0  K00752.02       CONFIRMED           0.2734  Kepler          NaN   NaN   NaN  NaN         NaN       NaN  NaN
2  19.899140   1.78220  10829.0          14.60  10811496.0  K00753.01       CANDIDATE           0.1419  Kepler          NaN   NaN   NaN  NaN         NaN       NaN  NaN
3   1.736952   2.40641   8079.2          33.46  10848459.0  K00754.01  FALSE POSITIVE           0.0267  Kepler          NaN   NaN   NaN  NaN         NaN       NaN  NaN
4   2.525592   1.65450    603.3           2.75  10854555.0  K00755.01       CONFIRMED           0.0374  Kepler          NaN   NaN   NaN  NaN         NaN       NaN  NaN
2025-09-25 03:53:35,103 - INFO - Successfully saved merged data to ..\data\Merged_data.csv
2025-09-25 03:53:35,104 - INFO - DataFrame shape: (21224, 16)
2025-09-25 03:53:35,105 - INFO - DataFrame dtypes:
period             float64
duration           float64
depth              float64
planet_radius      float64
kepid              float64
koi                 object
disposition         object
semi_major_axis    float64
source              object
star_radius        float64
teff               float64
logg               float64
tic                 object
planet_name         object
host_name           object
toi                float64
dtype: object
2025-09-25 03:53:35,110 - INFO - DataFrame head:
      period  duration    depth  planet_radius       kepid        koi     disposition  semi_major_axis  source  star_radius  teff  logg  tic planet_name host_name  toi
0   9.488036   2.95750    615.8           2.26  10797460.0  K00752.01       CONFIRMED           0.0853  Kepler          NaN   NaN   NaN  NaN         NaN       NaN  NaN
1  54.418383   4.50700    874.8           2.83  10797460.0  K00752.02       CONFIRMED           0.2734  Kepler          NaN   NaN   NaN  NaN         NaN       NaN  NaN
2  19.899140   1.78220  10829.0          14.60  10811496.0  K00753.01       CANDIDATE           0.1419  Kepler          NaN   NaN   NaN  NaN         NaN       NaN  NaN
3   1.736952   2.40641   8079.2          33.46  10848459.0  K00754.01  FALSE POSITIVE           0.0267  Kepler          NaN   NaN   NaN  NaN         NaN       NaN  NaN
4   2.525592   1.65450    603.3           2.75  10854555.0  K00755.01       CONFIRMED           0.0374  Kepler          NaN   NaN   NaN  NaN         NaN       NaN  NaN
2025-09-25 03:53:35,114 - INFO - DataFrame info: 
None
2025-09-25 03:53:35,128 - INFO - DataFrame describe:
              period      duration         depth  planet_radius         kepid  semi_major_axis   star_radius          teff         logg          toi
count   21051.000000  12320.000000  9.201000e+03   19514.000000  9.564000e+03     10013.000000  11009.000000  10373.000000  9148.000000  7668.000000
mean       48.342558      5.086007  2.379134e+04      53.670676  7.690628e+06         0.214372      1.324680   5609.734357     4.338540  3731.951026
std      1073.583587      5.890517  8.224268e+04    2113.796247  2.653459e+06         0.549790      1.926614   1448.988139     0.314180  2142.315067
min         0.152076     -0.068000  0.000000e+00       0.080000  7.574500e+05         0.003400      0.110000   2520.000000     0.100000   101.010000
25%         2.626698      2.271090  1.599000e+02       1.900000  5.556034e+06         0.038100      0.790000   4985.000000     4.160000  1852.760000
50%         5.850824      3.492450  4.211000e+02       3.940000  7.906892e+06         0.081900      1.080000   5660.000000     4.372375  3718.510000
75%        16.347230      5.620698  1.473400e+03      13.385078  9.873066e+06         0.196400      1.540000   6155.000000     4.540000  5590.260000
max    129995.778400    138.540000  1.541400e+06  200346.000000  1.293514e+07        44.989200    102.030000  50000.000000     5.960650  7475.010000
2025-09-25 03:53:35,134 - INFO - DataFrame unique values:
period             20848
duration            8987
depth               6947
planet_radius      11142
kepid               8214
koi                 9564
disposition            4
semi_major_axis     3999
source                 3
star_radius         4004
teff                5168
logg                2552
tic                 1557
planet_name         1806
host_name           1560
toi                 7668
dtype: int64
